Determining if the pthread_create exist failed with the following output:
Change Dir: /home/xqs/PL-SLAM/stvo-pl-1.0/build/CMakeFiles/CMakeTmp

Run Build Command:"/usr/bin/make" "cmTC_cfe74/fast"
/usr/bin/make -f CMakeFiles/cmTC_cfe74.dir/build.make CMakeFiles/cmTC_cfe74.dir/build
make[1]: 进入目录“/home/xqs/PL-SLAM/stvo-pl-1.0/build/CMakeFiles/CMakeTmp”
Building C object CMakeFiles/cmTC_cfe74.dir/CheckSymbolExists.c.o
/usr/bin/cc    -o CMakeFiles/cmTC_cfe74.dir/CheckSymbolExists.c.o   -c /home/xqs/PL-SLAM/stvo-pl-1.0/build/CMakeFiles/CMakeTmp/CheckSymbolExists.c
Linking C executable cmTC_cfe74
/usr/bin/cmake -E cmake_link_script CMakeFiles/cmTC_cfe74.dir/link.txt --verbose=1
/usr/bin/cc      -rdynamic CMakeFiles/cmTC_cfe74.dir/CheckSymbolExists.c.o  -o cmTC_cfe74 
CMakeFiles/cmTC_cfe74.dir/CheckSymbolExists.c.o：在函数‘main’中：
CheckSymbolExists.c:(.text+0x1b)：对‘pthread_create’未定义的引用
collect2: error: ld returned 1 exit status
CMakeFiles/cmTC_cfe74.dir/build.make:97: recipe for target 'cmTC_cfe74' failed
make[1]: *** [cmTC_cfe74] Error 1
make[1]: 离开目录“/home/xqs/PL-SLAM/stvo-pl-1.0/build/CMakeFiles/CMakeTmp”
Makefile:126: recipe for target 'cmTC_cfe74/fast' failed
make: *** [cmTC_cfe74/fast] Error 2

File /home/xqs/PL-SLAM/stvo-pl-1.0/build/CMakeFiles/CMakeTmp/CheckSymbolExists.c:
/* */
#include <pthread.h>

int main(int argc, char** argv)
{
  (void)argv;
#ifndef pthread_create
  return ((int*)(&pthread_create))[argc];
#else
  (void)argc;
  return 0;
#endif
}

Determining if the function pthread_create exists in the pthreads failed with the following output:
Change Dir: /home/xqs/PL-SLAM/stvo-pl-1.0/build/CMakeFiles/CMakeTmp

Run Build Command:"/usr/bin/make" "cmTC_6dea0/fast"
/usr/bin/make -f CMakeFiles/cmTC_6dea0.dir/build.make CMakeFiles/cmTC_6dea0.dir/build
make[1]: 进入目录“/home/xqs/PL-SLAM/stvo-pl-1.0/build/CMakeFiles/CMakeTmp”
Building C object CMakeFiles/cmTC_6dea0.dir/CheckFunctionExists.c.o
/usr/bin/cc   -DCHECK_FUNCTION_EXISTS=pthread_create   -o CMakeFiles/cmTC_6dea0.dir/CheckFunctionExists.c.o   -c /usr/share/cmake-3.10/Modules/CheckFunctionExists.c
Linking C executable cmTC_6dea0
/usr/bin/cmake -E cmake_link_script CMakeFiles/cmTC_6dea0.dir/link.txt --verbose=1
/usr/bin/cc  -DCHECK_FUNCTION_EXISTS=pthread_create    -rdynamic CMakeFiles/cmTC_6dea0.dir/CheckFunctionExists.c.o  -o cmTC_6dea0 -lpthreads 
/usr/bin/ld: 找不到 -lpthreads
collect2: error: ld returned 1 exit status
CMakeFiles/cmTC_6dea0.dir/build.make:97: recipe for target 'cmTC_6dea0' failed
make[1]: *** [cmTC_6dea0] Error 1
make[1]: 离开目录“/home/xqs/PL-SLAM/stvo-pl-1.0/build/CMakeFiles/CMakeTmp”
Makefile:126: recipe for target 'cmTC_6dea0/fast' failed
make: *** [cmTC_6dea0/fast] Error 2


